<?xml version="1.0" encoding="utf-8"?>
<coverage line-rate="0.6746" branch-rate="0.5207999999999999" version="1.9" timestamp="1747321770" lines-covered="141" lines-valid="209" branches-covered="25" branches-valid="48">
  <sources>
    <source>/Users/matveipasynkov/Desktop/KPO_BDZ_2/FileAnalysisService/</source>
  </sources>
  <packages>
    <package name="FileAnalysisService" line-rate="0.6746" branch-rate="0.5207999999999999" complexity="63">
      <classes>
        <class name="Program" filename="Program.cs" line-rate="1" branch-rate="1" complexity="4">
          <methods>
            <method name="&lt;Main&gt;$" signature="(System.String[])" line-rate="1" branch-rate="1" complexity="4">
              <lines>
                <line number="5" hits="3" branch="False" />
                <line number="9" hits="3" branch="False" />
                <line number="11" hits="3" branch="False" />
                <line number="12" hits="6" branch="True" condition-coverage="100% (2/2)">
                  <conditions>
                    <condition number="23" type="jump" coverage="100%" />
                  </conditions>
                </line>
                <line number="14" hits="3" branch="False" />
                <line number="15" hits="3" branch="False" />
                <line number="17" hits="3" branch="False" />
                <line number="20" hits="3" branch="True" condition-coverage="100% (2/2)">
                  <conditions>
                    <condition number="125" type="jump" coverage="100%" />
                  </conditions>
                </line>
                <line number="21" hits="3" branch="False" />
                <line number="22" hits="3" branch="False" />
                <line number="23" hits="3" branch="False" />
                <line number="25" hits="3" branch="False" />
                <line number="27" hits="3" branch="False" />
                <line number="28" hits="3" branch="False" />
                <line number="29" hits="3" branch="False" />
                <line number="30" hits="3" branch="False" />
                <line number="31" hits="3" branch="False" />
                <line number="33" hits="3" branch="False" />
              </lines>
            </method>
          </methods>
          <lines>
            <line number="5" hits="3" branch="False" />
            <line number="9" hits="3" branch="False" />
            <line number="11" hits="3" branch="False" />
            <line number="12" hits="6" branch="True" condition-coverage="100% (2/2)">
              <conditions>
                <condition number="23" type="jump" coverage="100%" />
              </conditions>
            </line>
            <line number="14" hits="3" branch="False" />
            <line number="15" hits="3" branch="False" />
            <line number="17" hits="3" branch="False" />
            <line number="20" hits="3" branch="True" condition-coverage="100% (2/2)">
              <conditions>
                <condition number="125" type="jump" coverage="100%" />
              </conditions>
            </line>
            <line number="21" hits="3" branch="False" />
            <line number="22" hits="3" branch="False" />
            <line number="23" hits="3" branch="False" />
            <line number="25" hits="3" branch="False" />
            <line number="27" hits="3" branch="False" />
            <line number="28" hits="3" branch="False" />
            <line number="29" hits="3" branch="False" />
            <line number="30" hits="3" branch="False" />
            <line number="31" hits="3" branch="False" />
            <line number="33" hits="3" branch="False" />
          </lines>
        </class>
        <class name="FileAnalysisService.Services.AnalysisResultService" filename="Services/AnalysisResultService.cs" line-rate="1" branch-rate="1" complexity="1">
          <methods>
            <method name=".ctor" signature="(FileAnalysisService.Models.FileDbContext)" line-rate="1" branch-rate="1" complexity="1">
              <lines>
                <line number="11" hits="3" branch="False" />
                <line number="12" hits="3" branch="False" />
                <line number="13" hits="3" branch="False" />
                <line number="14" hits="3" branch="False" />
              </lines>
            </method>
          </methods>
          <lines>
            <line number="11" hits="3" branch="False" />
            <line number="12" hits="3" branch="False" />
            <line number="13" hits="3" branch="False" />
            <line number="14" hits="3" branch="False" />
          </lines>
        </class>
        <class name="FileAnalysisService.Services.AnalysisResultService/&lt;GetAnalysisHistoryAsync&gt;d__4" filename="Services/AnalysisResultService.cs" line-rate="1" branch-rate="1" complexity="1">
          <methods>
            <method name="MoveNext" signature="()" line-rate="1" branch-rate="1" complexity="1">
              <lines>
                <line number="31" hits="1" branch="False" />
                <line number="32" hits="1" branch="False" />
                <line number="33" hits="1" branch="False" />
                <line number="34" hits="1" branch="False" />
                <line number="35" hits="1" branch="False" />
                <line number="36" hits="1" branch="False" />
              </lines>
            </method>
          </methods>
          <lines>
            <line number="31" hits="1" branch="False" />
            <line number="32" hits="1" branch="False" />
            <line number="33" hits="1" branch="False" />
            <line number="34" hits="1" branch="False" />
            <line number="35" hits="1" branch="False" />
            <line number="36" hits="1" branch="False" />
          </lines>
        </class>
        <class name="FileAnalysisService.Services.AnalysisResultService/&lt;GetAnalysisResultAsync&gt;d__3" filename="Services/AnalysisResultService.cs" line-rate="1" branch-rate="1" complexity="1">
          <methods>
            <method name="MoveNext" signature="()" line-rate="1" branch-rate="1" complexity="1">
              <lines>
                <line number="27" hits="1" branch="False" />
                <line number="28" hits="1" branch="False" />
                <line number="29" hits="1" branch="False" />
              </lines>
            </method>
          </methods>
          <lines>
            <line number="27" hits="1" branch="False" />
            <line number="28" hits="1" branch="False" />
            <line number="29" hits="1" branch="False" />
          </lines>
        </class>
        <class name="FileAnalysisService.Services.AnalysisResultService/&lt;SaveAnalysisResultAsync&gt;d__2" filename="Services/AnalysisResultService.cs" line-rate="1" branch-rate="1" complexity="1">
          <methods>
            <method name="MoveNext" signature="()" line-rate="1" branch-rate="1" complexity="1">
              <lines>
                <line number="16" hits="1" branch="False" />
                <line number="17" hits="1" branch="False" />
                <line number="18" hits="1" branch="False" />
                <line number="19" hits="1" branch="False" />
                <line number="20" hits="1" branch="False" />
                <line number="21" hits="1" branch="False" />
                <line number="22" hits="1" branch="False" />
                <line number="23" hits="1" branch="False" />
                <line number="24" hits="1" branch="False" />
                <line number="25" hits="1" branch="False" />
              </lines>
            </method>
          </methods>
          <lines>
            <line number="16" hits="1" branch="False" />
            <line number="17" hits="1" branch="False" />
            <line number="18" hits="1" branch="False" />
            <line number="19" hits="1" branch="False" />
            <line number="20" hits="1" branch="False" />
            <line number="21" hits="1" branch="False" />
            <line number="22" hits="1" branch="False" />
            <line number="23" hits="1" branch="False" />
            <line number="24" hits="1" branch="False" />
            <line number="25" hits="1" branch="False" />
          </lines>
        </class>
        <class name="FileAnalysisService.Services.FileAnalysisService" filename="Services/FileAnalysisService.cs" line-rate="1" branch-rate="1" complexity="1">
          <methods>
            <method name=".ctor" signature="(System.Net.Http.HttpClient,Microsoft.Extensions.Caching.Memory.IMemoryCache,Microsoft.Extensions.Logging.ILogger`1&lt;FileAnalysisService.Services.FileAnalysisService&gt;)" line-rate="1" branch-rate="1" complexity="1">
              <lines>
                <line number="17" hits="25" branch="False" />
                <line number="18" hits="25" branch="False" />
                <line number="19" hits="25" branch="False" />
                <line number="20" hits="25" branch="False" />
                <line number="21" hits="25" branch="False" />
                <line number="22" hits="25" branch="False" />
              </lines>
            </method>
          </methods>
          <lines>
            <line number="17" hits="25" branch="False" />
            <line number="18" hits="25" branch="False" />
            <line number="19" hits="25" branch="False" />
            <line number="20" hits="25" branch="False" />
            <line number="21" hits="25" branch="False" />
            <line number="22" hits="25" branch="False" />
          </lines>
        </class>
        <class name="FileAnalysisService.Services.FileAnalysisService/&lt;&gt;c" filename="Services/FileAnalysisService.cs" line-rate="1" branch-rate="1" complexity="1">
          <methods>
            <method name="&lt;AnalyzeContent&gt;b__4_1" signature="(System.String)" line-rate="1" branch-rate="1" complexity="1">
              <lines>
                <line number="38" hits="9" branch="False" />
              </lines>
            </method>
          </methods>
          <lines>
            <line number="38" hits="9" branch="False" />
          </lines>
        </class>
        <class name="FileAnalysisService.Services.FileAnalysisService/&lt;&gt;c__DisplayClass4_0" filename="Services/FileAnalysisService.cs" line-rate="1" branch-rate="1" complexity="2">
          <methods>
            <method name="&lt;AnalyzeContent&gt;b__0" signature="()" line-rate="1" branch-rate="1" complexity="2">
              <lines>
                <line number="28" hits="4" branch="False" />
                <line number="30" hits="4" branch="False" />
                <line number="31" hits="4" branch="False" />
                <line number="32" hits="4" branch="False" />
                <line number="34" hits="4" branch="True" condition-coverage="100% (2/2)">
                  <conditions>
                    <condition number="61" type="jump" coverage="100%" />
                  </conditions>
                </line>
                <line number="35" hits="4" branch="False" />
                <line number="36" hits="4" branch="False" />
                <line number="37" hits="4" branch="False" />
                <line number="39" hits="4" branch="False" />
                <line number="40" hits="8" branch="False" />
              </lines>
            </method>
          </methods>
          <lines>
            <line number="28" hits="4" branch="False" />
            <line number="30" hits="4" branch="False" />
            <line number="31" hits="4" branch="False" />
            <line number="32" hits="4" branch="False" />
            <line number="34" hits="4" branch="True" condition-coverage="100% (2/2)">
              <conditions>
                <condition number="61" type="jump" coverage="100%" />
              </conditions>
            </line>
            <line number="35" hits="4" branch="False" />
            <line number="36" hits="4" branch="False" />
            <line number="37" hits="4" branch="False" />
            <line number="39" hits="4" branch="False" />
            <line number="40" hits="8" branch="False" />
          </lines>
        </class>
        <class name="FileAnalysisService.Services.FileAnalysisService/&lt;&gt;c__DisplayClass5_0" filename="Services/FileAnalysisService.cs" line-rate="1" branch-rate="1" complexity="2">
          <methods>
            <method name="&lt;CompareContents&gt;b__0" signature="()" line-rate="1" branch-rate="1" complexity="2">
              <lines>
                <line number="49" hits="6" branch="False" />
                <line number="51" hits="6" branch="False" />
                <line number="52" hits="6" branch="False" />
                <line number="54" hits="6" branch="False" />
                <line number="55" hits="6" branch="False" />
                <line number="57" hits="6" branch="True" condition-coverage="100% (2/2)">
                  <conditions>
                    <condition number="91" type="jump" coverage="100%" />
                  </conditions>
                </line>
                <line number="58" hits="6" branch="False" />
                <line number="59" hits="6" branch="False" />
                <line number="60" hits="6" branch="False" />
                <line number="61" hits="6" branch="False" />
                <line number="62" hits="6" branch="False" />
                <line number="63" hits="6" branch="False" />
                <line number="64" hits="12" branch="False" />
              </lines>
            </method>
          </methods>
          <lines>
            <line number="49" hits="6" branch="False" />
            <line number="51" hits="6" branch="False" />
            <line number="52" hits="6" branch="False" />
            <line number="54" hits="6" branch="False" />
            <line number="55" hits="6" branch="False" />
            <line number="57" hits="6" branch="True" condition-coverage="100% (2/2)">
              <conditions>
                <condition number="91" type="jump" coverage="100%" />
              </conditions>
            </line>
            <line number="58" hits="6" branch="False" />
            <line number="59" hits="6" branch="False" />
            <line number="60" hits="6" branch="False" />
            <line number="61" hits="6" branch="False" />
            <line number="62" hits="6" branch="False" />
            <line number="63" hits="6" branch="False" />
            <line number="64" hits="12" branch="False" />
          </lines>
        </class>
        <class name="FileAnalysisService.Services.FileAnalysisService/&lt;AnalyzeContent&gt;d__4" filename="Services/FileAnalysisService.cs" line-rate="1" branch-rate="1" complexity="1">
          <methods>
            <method name="MoveNext" signature="()" line-rate="1" branch-rate="1" complexity="1">
              <lines>
                <line number="26" hits="4" branch="False" />
                <line number="27" hits="4" branch="False" />
                <line number="29" hits="4" branch="False" />
                <line number="33" hits="4" branch="False" />
                <line number="41" hits="4" branch="False" />
              </lines>
            </method>
          </methods>
          <lines>
            <line number="26" hits="4" branch="False" />
            <line number="27" hits="4" branch="False" />
            <line number="29" hits="4" branch="False" />
            <line number="33" hits="4" branch="False" />
            <line number="41" hits="4" branch="False" />
          </lines>
        </class>
        <class name="FileAnalysisService.Services.FileAnalysisService/&lt;CompareContents&gt;d__5" filename="Services/FileAnalysisService.cs" line-rate="1" branch-rate="1" complexity="4">
          <methods>
            <method name="MoveNext" signature="()" line-rate="1" branch-rate="1" complexity="4">
              <lines>
                <line number="44" hits="8" branch="False" />
                <line number="45" hits="9" branch="True" condition-coverage="100% (2/2)">
                  <conditions>
                    <condition number="79" type="jump" coverage="100%" />
                  </conditions>
                </line>
                <line number="46" hits="8" branch="True" condition-coverage="100% (2/2)">
                  <conditions>
                    <condition number="108" type="jump" coverage="100%" />
                  </conditions>
                </line>
                <line number="48" hits="6" branch="False" />
                <line number="50" hits="6" branch="False" />
                <line number="53" hits="6" branch="False" />
                <line number="56" hits="6" branch="False" />
                <line number="65" hits="6" branch="False" />
              </lines>
            </method>
          </methods>
          <lines>
            <line number="44" hits="8" branch="False" />
            <line number="45" hits="9" branch="True" condition-coverage="100% (2/2)">
              <conditions>
                <condition number="79" type="jump" coverage="100%" />
              </conditions>
            </line>
            <line number="46" hits="8" branch="True" condition-coverage="100% (2/2)">
              <conditions>
                <condition number="108" type="jump" coverage="100%" />
              </conditions>
            </line>
            <line number="48" hits="6" branch="False" />
            <line number="50" hits="6" branch="False" />
            <line number="53" hits="6" branch="False" />
            <line number="56" hits="6" branch="False" />
            <line number="65" hits="6" branch="False" />
          </lines>
        </class>
        <class name="FileAnalysisService.Services.FileAnalysisService/&lt;GenerateWordCloudAsync&gt;d__6" filename="Services/FileAnalysisService.cs" line-rate="1" branch-rate="0.9285" complexity="14">
          <methods>
            <method name="MoveNext" signature="()" line-rate="1" branch-rate="0.9285" complexity="14">
              <lines>
                <line number="68" hits="8" branch="False" />
                <line number="69" hits="8" branch="True" condition-coverage="100% (2/2)">
                  <conditions>
                    <condition number="78" type="jump" coverage="100%" />
                  </conditions>
                </line>
                <line number="70" hits="1" branch="False" />
                <line number="71" hits="1" branch="False" />
                <line number="72" hits="1" branch="False" />
                <line number="75" hits="7" branch="False" />
                <line number="76" hits="7" branch="True" condition-coverage="100% (2/2)">
                  <conditions>
                    <condition number="282" type="jump" coverage="100%" />
                  </conditions>
                </line>
                <line number="77" hits="1" branch="False" />
                <line number="78" hits="1" branch="False" />
                <line number="79" hits="1" branch="False" />
                <line number="82" hits="6" branch="False" />
                <line number="83" hits="6" branch="False" />
                <line number="84" hits="48" branch="True" condition-coverage="100% (2/2)">
                  <conditions>
                    <condition number="593" type="jump" coverage="100%" />
                  </conditions>
                </line>
                <line number="85" hits="15" branch="False" />
                <line number="86" hits="15" branch="False" />
                <line number="87" hits="18" branch="True" condition-coverage="100% (2/2)">
                  <conditions>
                    <condition number="466" type="jump" coverage="100%" />
                  </conditions>
                </line>
                <line number="88" hits="12" branch="True" condition-coverage="50% (1/2)">
                  <conditions>
                    <condition number="491" type="jump" coverage="50%" />
                  </conditions>
                </line>
                <line number="89" hits="12" branch="False" />
                <line number="90" hits="12" branch="False" />
                <line number="92" hits="6" branch="False" />
                <line number="93" hits="6" branch="False" />
                <line number="94" hits="6" branch="False" />
                <line number="96" hits="6" branch="False" />
                <line number="97" hits="6" branch="True" condition-coverage="100% (2/2)">
                  <conditions>
                    <condition number="830" type="jump" coverage="100%" />
                  </conditions>
                </line>
                <line number="98" hits="1" branch="False" />
                <line number="100" hits="5" branch="False" />
                <line number="102" hits="5" branch="False" />
                <line number="103" hits="5" branch="False" />
                <line number="104" hits="4" branch="True" condition-coverage="100% (2/2)">
                  <conditions>
                    <condition number="1036" type="jump" coverage="100%" />
                  </conditions>
                </line>
                <line number="105" hits="3" branch="False" />
                <line number="106" hits="3" branch="False" />
                <line number="107" hits="3" branch="False" />
                <line number="108" hits="3" branch="False" />
                <line number="109" hits="3" branch="False" />
                <line number="111" hits="1" branch="False" />
                <line number="112" hits="1" branch="False" />
                <line number="113" hits="1" branch="False" />
                <line number="114" hits="1" branch="False" />
                <line number="115" hits="1" branch="False" />
                <line number="118" hits="1" branch="False" />
                <line number="119" hits="1" branch="False" />
                <line number="120" hits="8" branch="False" />
              </lines>
            </method>
          </methods>
          <lines>
            <line number="68" hits="8" branch="False" />
            <line number="69" hits="8" branch="True" condition-coverage="100% (2/2)">
              <conditions>
                <condition number="78" type="jump" coverage="100%" />
              </conditions>
            </line>
            <line number="70" hits="1" branch="False" />
            <line number="71" hits="1" branch="False" />
            <line number="72" hits="1" branch="False" />
            <line number="75" hits="7" branch="False" />
            <line number="76" hits="7" branch="True" condition-coverage="100% (2/2)">
              <conditions>
                <condition number="282" type="jump" coverage="100%" />
              </conditions>
            </line>
            <line number="77" hits="1" branch="False" />
            <line number="78" hits="1" branch="False" />
            <line number="79" hits="1" branch="False" />
            <line number="82" hits="6" branch="False" />
            <line number="83" hits="6" branch="False" />
            <line number="84" hits="48" branch="True" condition-coverage="100% (2/2)">
              <conditions>
                <condition number="593" type="jump" coverage="100%" />
              </conditions>
            </line>
            <line number="85" hits="15" branch="False" />
            <line number="86" hits="15" branch="False" />
            <line number="87" hits="18" branch="True" condition-coverage="100% (2/2)">
              <conditions>
                <condition number="466" type="jump" coverage="100%" />
              </conditions>
            </line>
            <line number="88" hits="12" branch="True" condition-coverage="50% (1/2)">
              <conditions>
                <condition number="491" type="jump" coverage="50%" />
              </conditions>
            </line>
            <line number="89" hits="12" branch="False" />
            <line number="90" hits="12" branch="False" />
            <line number="92" hits="6" branch="False" />
            <line number="93" hits="6" branch="False" />
            <line number="94" hits="6" branch="False" />
            <line number="96" hits="6" branch="False" />
            <line number="97" hits="6" branch="True" condition-coverage="100% (2/2)">
              <conditions>
                <condition number="830" type="jump" coverage="100%" />
              </conditions>
            </line>
            <line number="98" hits="1" branch="False" />
            <line number="100" hits="5" branch="False" />
            <line number="102" hits="5" branch="False" />
            <line number="103" hits="5" branch="False" />
            <line number="104" hits="4" branch="True" condition-coverage="100% (2/2)">
              <conditions>
                <condition number="1036" type="jump" coverage="100%" />
              </conditions>
            </line>
            <line number="105" hits="3" branch="False" />
            <line number="106" hits="3" branch="False" />
            <line number="107" hits="3" branch="False" />
            <line number="108" hits="3" branch="False" />
            <line number="109" hits="3" branch="False" />
            <line number="111" hits="1" branch="False" />
            <line number="112" hits="1" branch="False" />
            <line number="113" hits="1" branch="False" />
            <line number="114" hits="1" branch="False" />
            <line number="115" hits="1" branch="False" />
            <line number="118" hits="1" branch="False" />
            <line number="119" hits="1" branch="False" />
            <line number="120" hits="8" branch="False" />
          </lines>
        </class>
        <class name="FileAnalysisService.Services.FileAnalysisService/&lt;GetFileContentAsync&gt;d__7" filename="Services/FileAnalysisService.cs" line-rate="1" branch-rate="1" complexity="1">
          <methods>
            <method name="MoveNext" signature="()" line-rate="1" branch-rate="1" complexity="1">
              <lines>
                <line number="125" hits="10" branch="False" />
                <line number="127" hits="10" branch="False" />
                <line number="128" hits="10" branch="False" />
                <line number="129" hits="8" branch="False" />
                <line number="130" hits="8" branch="False" />
                <line number="132" hits="2" branch="False" />
                <line number="133" hits="2" branch="False" />
                <line number="134" hits="2" branch="False" />
                <line number="135" hits="2" branch="False" />
                <line number="137" hits="10" branch="False" />
              </lines>
            </method>
          </methods>
          <lines>
            <line number="125" hits="10" branch="False" />
            <line number="127" hits="10" branch="False" />
            <line number="128" hits="10" branch="False" />
            <line number="129" hits="8" branch="False" />
            <line number="130" hits="8" branch="False" />
            <line number="132" hits="2" branch="False" />
            <line number="133" hits="2" branch="False" />
            <line number="134" hits="2" branch="False" />
            <line number="135" hits="2" branch="False" />
            <line number="137" hits="10" branch="False" />
          </lines>
        </class>
        <class name="FileAnalysisService.Models.AnalysisResult" filename="Models/AnalysisResult.cs" line-rate="0.75" branch-rate="1" complexity="4">
          <methods>
            <method name="get_Id" signature="()" line-rate="0" branch-rate="1" complexity="1">
              <lines>
                <line number="9" hits="0" branch="False" />
              </lines>
            </method>
            <method name="get_FileId" signature="()" line-rate="1" branch-rate="1" complexity="1">
              <lines>
                <line number="10" hits="4" branch="False" />
              </lines>
            </method>
            <method name="get_ResultJson" signature="()" line-rate="1" branch-rate="1" complexity="1">
              <lines>
                <line number="11" hits="8" branch="False" />
              </lines>
            </method>
            <method name="get_AnalyzedAt" signature="()" line-rate="1" branch-rate="1" complexity="1">
              <lines>
                <line number="12" hits="4" branch="False" />
              </lines>
            </method>
          </methods>
          <lines>
            <line number="9" hits="0" branch="False" />
            <line number="10" hits="4" branch="False" />
            <line number="11" hits="8" branch="False" />
            <line number="12" hits="4" branch="False" />
          </lines>
        </class>
        <class name="FileAnalysisService.Models.FileDbContext" filename="Models/FileDbContext.cs" line-rate="1" branch-rate="1" complexity="2">
          <methods>
            <method name="get_AnalysisResults" signature="()" line-rate="1" branch-rate="1" complexity="1">
              <lines>
                <line number="10" hits="12" branch="False" />
              </lines>
            </method>
            <method name=".ctor" signature="(Microsoft.EntityFrameworkCore.DbContextOptions`1&lt;FileAnalysisService.Models.FileDbContext&gt;)" line-rate="1" branch-rate="1" complexity="1">
              <lines>
                <line number="9" hits="18" branch="False" />
              </lines>
            </method>
          </methods>
          <lines>
            <line number="10" hits="12" branch="False" />
            <line number="9" hits="18" branch="False" />
          </lines>
        </class>
        <class name="FileAnalysisService.Controllers.AnalysisController" filename="Controllers/AnalysisController.cs" line-rate="0" branch-rate="1" complexity="1">
          <methods>
            <method name=".ctor" signature="(FileAnalysisService.Services.FileAnalysisService,FileAnalysisService.Services.AnalysisResultService)" line-rate="0" branch-rate="1" complexity="1">
              <lines>
                <line number="16" hits="0" branch="False" />
                <line number="17" hits="0" branch="False" />
                <line number="18" hits="0" branch="False" />
                <line number="19" hits="0" branch="False" />
                <line number="20" hits="0" branch="False" />
              </lines>
            </method>
          </methods>
          <lines>
            <line number="16" hits="0" branch="False" />
            <line number="17" hits="0" branch="False" />
            <line number="18" hits="0" branch="False" />
            <line number="19" hits="0" branch="False" />
            <line number="20" hits="0" branch="False" />
          </lines>
        </class>
        <class name="FileAnalysisService.Controllers.AnalysisController/&lt;AnalyzeFile&gt;d__3" filename="Controllers/AnalysisController.cs" line-rate="0" branch-rate="0" complexity="4">
          <methods>
            <method name="MoveNext" signature="()" line-rate="0" branch-rate="0" complexity="4">
              <lines>
                <line number="23" hits="0" branch="False" />
                <line number="24" hits="0" branch="True" condition-coverage="0% (0/2)">
                  <conditions>
                    <condition number="38" type="jump" coverage="0%" />
                  </conditions>
                </line>
                <line number="25" hits="0" branch="False" />
                <line number="27" hits="0" branch="False" />
                <line number="28" hits="0" branch="False" />
                <line number="29" hits="0" branch="True" condition-coverage="0% (0/2)">
                  <conditions>
                    <condition number="246" type="jump" coverage="0%" />
                  </conditions>
                </line>
                <line number="30" hits="0" branch="False" />
                <line number="31" hits="0" branch="False" />
                <line number="32" hits="0" branch="False" />
                <line number="33" hits="0" branch="False" />
                <line number="35" hits="0" branch="False" />
                <line number="36" hits="0" branch="False" />
                <line number="37" hits="0" branch="False" />
                <line number="39" hits="0" branch="False" />
              </lines>
            </method>
          </methods>
          <lines>
            <line number="23" hits="0" branch="False" />
            <line number="24" hits="0" branch="True" condition-coverage="0% (0/2)">
              <conditions>
                <condition number="38" type="jump" coverage="0%" />
              </conditions>
            </line>
            <line number="25" hits="0" branch="False" />
            <line number="27" hits="0" branch="False" />
            <line number="28" hits="0" branch="False" />
            <line number="29" hits="0" branch="True" condition-coverage="0% (0/2)">
              <conditions>
                <condition number="246" type="jump" coverage="0%" />
              </conditions>
            </line>
            <line number="30" hits="0" branch="False" />
            <line number="31" hits="0" branch="False" />
            <line number="32" hits="0" branch="False" />
            <line number="33" hits="0" branch="False" />
            <line number="35" hits="0" branch="False" />
            <line number="36" hits="0" branch="False" />
            <line number="37" hits="0" branch="False" />
            <line number="39" hits="0" branch="False" />
          </lines>
        </class>
        <class name="FileAnalysisService.Controllers.AnalysisController/&lt;CompareFiles&gt;d__4" filename="Controllers/AnalysisController.cs" line-rate="0" branch-rate="0" complexity="8">
          <methods>
            <method name="MoveNext" signature="()" line-rate="0" branch-rate="0" complexity="8">
              <lines>
                <line number="43" hits="0" branch="False" />
                <line number="44" hits="0" branch="True" condition-coverage="0% (0/4)">
                  <conditions>
                    <condition number="33" type="jump" coverage="0%" />
                    <condition number="60" type="jump" coverage="0%" />
                  </conditions>
                </line>
                <line number="45" hits="0" branch="False" />
                <line number="47" hits="0" branch="False" />
                <line number="48" hits="0" branch="False" />
                <line number="49" hits="0" branch="False" />
                <line number="50" hits="0" branch="True" condition-coverage="0% (0/4)">
                  <conditions>
                    <condition number="387" type="jump" coverage="0%" />
                    <condition number="405" type="jump" coverage="0%" />
                  </conditions>
                </line>
                <line number="51" hits="0" branch="False" />
                <line number="52" hits="0" branch="False" />
                <line number="53" hits="0" branch="False" />
                <line number="55" hits="0" branch="False" />
                <line number="56" hits="0" branch="False" />
                <line number="57" hits="0" branch="False" />
                <line number="59" hits="0" branch="False" />
              </lines>
            </method>
          </methods>
          <lines>
            <line number="43" hits="0" branch="False" />
            <line number="44" hits="0" branch="True" condition-coverage="0% (0/4)">
              <conditions>
                <condition number="33" type="jump" coverage="0%" />
                <condition number="60" type="jump" coverage="0%" />
              </conditions>
            </line>
            <line number="45" hits="0" branch="False" />
            <line number="47" hits="0" branch="False" />
            <line number="48" hits="0" branch="False" />
            <line number="49" hits="0" branch="False" />
            <line number="50" hits="0" branch="True" condition-coverage="0% (0/4)">
              <conditions>
                <condition number="387" type="jump" coverage="0%" />
                <condition number="405" type="jump" coverage="0%" />
              </conditions>
            </line>
            <line number="51" hits="0" branch="False" />
            <line number="52" hits="0" branch="False" />
            <line number="53" hits="0" branch="False" />
            <line number="55" hits="0" branch="False" />
            <line number="56" hits="0" branch="False" />
            <line number="57" hits="0" branch="False" />
            <line number="59" hits="0" branch="False" />
          </lines>
        </class>
        <class name="FileAnalysisService.Controllers.AnalysisController/&lt;GetAnalysisHistory&gt;d__6" filename="Controllers/AnalysisController.cs" line-rate="0" branch-rate="0" complexity="2">
          <methods>
            <method name="MoveNext" signature="()" line-rate="0" branch-rate="0" complexity="2">
              <lines>
                <line number="81" hits="0" branch="False" />
                <line number="82" hits="0" branch="True" condition-coverage="0% (0/2)">
                  <conditions>
                    <condition number="37" type="jump" coverage="0%" />
                  </conditions>
                </line>
                <line number="83" hits="0" branch="False" />
                <line number="85" hits="0" branch="False" />
                <line number="86" hits="0" branch="False" />
                <line number="87" hits="0" branch="False" />
                <line number="89" hits="0" branch="False" />
                <line number="90" hits="0" branch="False" />
                <line number="91" hits="0" branch="False" />
                <line number="93" hits="0" branch="False" />
              </lines>
            </method>
          </methods>
          <lines>
            <line number="81" hits="0" branch="False" />
            <line number="82" hits="0" branch="True" condition-coverage="0% (0/2)">
              <conditions>
                <condition number="37" type="jump" coverage="0%" />
              </conditions>
            </line>
            <line number="83" hits="0" branch="False" />
            <line number="85" hits="0" branch="False" />
            <line number="86" hits="0" branch="False" />
            <line number="87" hits="0" branch="False" />
            <line number="89" hits="0" branch="False" />
            <line number="90" hits="0" branch="False" />
            <line number="91" hits="0" branch="False" />
            <line number="93" hits="0" branch="False" />
          </lines>
        </class>
        <class name="FileAnalysisService.Controllers.AnalysisController/&lt;GetAnalysisResult&gt;d__5" filename="Controllers/AnalysisController.cs" line-rate="0" branch-rate="0" complexity="4">
          <methods>
            <method name="MoveNext" signature="()" line-rate="0" branch-rate="0" complexity="4">
              <lines>
                <line number="63" hits="0" branch="False" />
                <line number="64" hits="0" branch="True" condition-coverage="0% (0/2)">
                  <conditions>
                    <condition number="37" type="jump" coverage="0%" />
                  </conditions>
                </line>
                <line number="65" hits="0" branch="False" />
                <line number="67" hits="0" branch="False" />
                <line number="68" hits="0" branch="False" />
                <line number="69" hits="0" branch="True" condition-coverage="0% (0/2)">
                  <conditions>
                    <condition number="220" type="jump" coverage="0%" />
                  </conditions>
                </line>
                <line number="70" hits="0" branch="False" />
                <line number="71" hits="0" branch="False" />
                <line number="73" hits="0" branch="False" />
                <line number="74" hits="0" branch="False" />
                <line number="75" hits="0" branch="False" />
                <line number="77" hits="0" branch="False" />
              </lines>
            </method>
          </methods>
          <lines>
            <line number="63" hits="0" branch="False" />
            <line number="64" hits="0" branch="True" condition-coverage="0% (0/2)">
              <conditions>
                <condition number="37" type="jump" coverage="0%" />
              </conditions>
            </line>
            <line number="65" hits="0" branch="False" />
            <line number="67" hits="0" branch="False" />
            <line number="68" hits="0" branch="False" />
            <line number="69" hits="0" branch="True" condition-coverage="0% (0/2)">
              <conditions>
                <condition number="220" type="jump" coverage="0%" />
              </conditions>
            </line>
            <line number="70" hits="0" branch="False" />
            <line number="71" hits="0" branch="False" />
            <line number="73" hits="0" branch="False" />
            <line number="74" hits="0" branch="False" />
            <line number="75" hits="0" branch="False" />
            <line number="77" hits="0" branch="False" />
          </lines>
        </class>
        <class name="FileAnalysisService.Controllers.AnalysisController/&lt;GetWordCloud&gt;d__7" filename="Controllers/AnalysisController.cs" line-rate="0" branch-rate="0" complexity="4">
          <methods>
            <method name="MoveNext" signature="()" line-rate="0" branch-rate="0" complexity="4">
              <lines>
                <line number="96" hits="0" branch="False" />
                <line number="97" hits="0" branch="True" condition-coverage="0% (0/2)">
                  <conditions>
                    <condition number="37" type="jump" coverage="0%" />
                  </conditions>
                </line>
                <line number="98" hits="0" branch="False" />
                <line number="100" hits="0" branch="False" />
                <line number="101" hits="0" branch="False" />
                <line number="102" hits="0" branch="True" condition-coverage="0% (0/2)">
                  <conditions>
                    <condition number="222" type="jump" coverage="0%" />
                  </conditions>
                </line>
                <line number="103" hits="0" branch="False" />
                <line number="104" hits="0" branch="False" />
                <line number="106" hits="0" branch="False" />
                <line number="107" hits="0" branch="False" />
                <line number="108" hits="0" branch="False" />
                <line number="110" hits="0" branch="False" />
              </lines>
            </method>
          </methods>
          <lines>
            <line number="96" hits="0" branch="False" />
            <line number="97" hits="0" branch="True" condition-coverage="0% (0/2)">
              <conditions>
                <condition number="37" type="jump" coverage="0%" />
              </conditions>
            </line>
            <line number="98" hits="0" branch="False" />
            <line number="100" hits="0" branch="False" />
            <line number="101" hits="0" branch="False" />
            <line number="102" hits="0" branch="True" condition-coverage="0% (0/2)">
              <conditions>
                <condition number="222" type="jump" coverage="0%" />
              </conditions>
            </line>
            <line number="103" hits="0" branch="False" />
            <line number="104" hits="0" branch="False" />
            <line number="106" hits="0" branch="False" />
            <line number="107" hits="0" branch="False" />
            <line number="108" hits="0" branch="False" />
            <line number="110" hits="0" branch="False" />
          </lines>
        </class>
      </classes>
    </package>
  </packages>
</coverage>